2018-03-07 20:15:08 Warning: DebugKit not enabled. You need to either install pdo_sqlite, or define the "debug_kit" connection name.
2018-03-07 20:18:56 Warning: DebugKit not enabled. You need to either install pdo_sqlite, or define the "debug_kit" connection name.
2018-03-07 20:20:17 Warning: DebugKit not enabled. You need to either install pdo_sqlite, or define the "debug_kit" connection name.
2018-03-07 20:21:10 Warning: DebugKit not enabled. You need to either install pdo_sqlite, or define the "debug_kit" connection name.
2018-03-07 20:26:52 Warning: DebugKit not enabled. You need to either install pdo_sqlite, or define the "debug_kit" connection name.
2018-03-07 20:27:34 Warning: DebugKit not enabled. You need to either install pdo_sqlite, or define the "debug_kit" connection name.
2018-03-07 20:28:14 Warning: DebugKit not enabled. You need to either install pdo_sqlite, or define the "debug_kit" connection name.
2018-03-07 20:28:19 Warning: DebugKit not enabled. You need to either install pdo_sqlite, or define the "debug_kit" connection name.
2018-03-07 20:28:37 Warning: DebugKit not enabled. You need to either install pdo_sqlite, or define the "debug_kit" connection name.
2018-03-07 20:30:03 Warning: DebugKit not enabled. You need to either install pdo_sqlite, or define the "debug_kit" connection name.
2018-03-07 22:01:59 Error: [Cake\Database\Exception] Cannot describe posts. It has 0 columns.
Request URL: /posts/index
Stack Trace:
#0 /home/joe/PhpstormProjects/Capstone2018/app/vendor/cakephp/cakephp/src/ORM/Table.php(532): Cake\Database\Schema\Collection->describe('posts')
#1 /home/joe/PhpstormProjects/Capstone2018/app/vendor/cakephp/cakephp/src/ORM/Query.php(211): Cake\ORM\Table->getSchema()
#2 /home/joe/PhpstormProjects/Capstone2018/app/vendor/cakephp/cakephp/src/ORM/Query.php(168): Cake\ORM\Query->addDefaultTypes(Object(App\Model\Table\PostsTable))
#3 /home/joe/PhpstormProjects/Capstone2018/app/vendor/cakephp/cakephp/src/ORM/Table.php(1582): Cake\ORM\Query->__construct(Object(Cake\Database\Connection), Object(App\Model\Table\PostsTable))
#4 /home/joe/PhpstormProjects/Capstone2018/app/vendor/cakephp/cakephp/src/ORM/Table.php(1182): Cake\ORM\Table->query()
#5 /home/joe/PhpstormProjects/Capstone2018/app/src/Controller/PostsController.php(11): Cake\ORM\Table->find()
#6 /home/joe/PhpstormProjects/Capstone2018/app/vendor/cakephp/cakephp/src/Controller/Controller.php(440): App\Controller\PostsController->index()
#7 /home/joe/PhpstormProjects/Capstone2018/app/vendor/cakephp/cakephp/src/Http/ActionDispatcher.php(119): Cake\Controller\Controller->invokeAction()
#8 /home/joe/PhpstormProjects/Capstone2018/app/vendor/cakephp/cakephp/src/Http/ActionDispatcher.php(93): Cake\Http\ActionDispatcher->_invoke(Object(App\Controller\PostsController))
#9 /home/joe/PhpstormProjects/Capstone2018/app/vendor/cakephp/cakephp/src/Http/BaseApplication.php(108): Cake\Http\ActionDispatcher->dispatch(Object(Cake\Http\ServerRequest), Object(Cake\Http\Response))
#10 /home/joe/PhpstormProjects/Capstone2018/app/vendor/cakephp/cakephp/src/Http/Runner.php(65): Cake\Http\BaseApplication->__invoke(Object(Cake\Http\ServerRequest), Object(Cake\Http\Response), Object(Cake\Http\Runner))
#11 /home/joe/PhpstormProjects/Capstone2018/app/vendor/cakephp/cakephp/src/Routing/Middleware/RoutingMiddleware.php(104): Cake\Http\Runner->__invoke(Object(Cake\Http\ServerRequest), Object(Cake\Http\Response))
#12 /home/joe/PhpstormProjects/Capstone2018/app/vendor/cakephp/cakephp/src/Http/Runner.php(65): Cake\Routing\Middleware\RoutingMiddleware->__invoke(Object(Cake\Http\ServerRequest), Object(Cake\Http\Response), Object(Cake\Http\Runner))
#13 /home/joe/PhpstormProjects/Capstone2018/app/vendor/cakephp/cakephp/src/Routing/Middleware/AssetMiddleware.php(88): Cake\Http\Runner->__invoke(Object(Cake\Http\ServerRequest), Object(Cake\Http\Response))
#14 /home/joe/PhpstormProjects/Capstone2018/app/vendor/cakephp/cakephp/src/Http/Runner.php(65): Cake\Routing\Middleware\AssetMiddleware->__invoke(Object(Cake\Http\ServerRequest), Object(Cake\Http\Response), Object(Cake\Http\Runner))
#15 /home/joe/PhpstormProjects/Capstone2018/app/vendor/cakephp/cakephp/src/Error/Middleware/ErrorHandlerMiddleware.php(98): Cake\Http\Runner->__invoke(Object(Cake\Http\ServerRequest), Object(Cake\Http\Response))
#16 /home/joe/PhpstormProjects/Capstone2018/app/vendor/cakephp/cakephp/src/Http/Runner.php(65): Cake\Error\Middleware\ErrorHandlerMiddleware->__invoke(Object(Cake\Http\ServerRequest), Object(Cake\Http\Response), Object(Cake\Http\Runner))
#17 /home/joe/PhpstormProjects/Capstone2018/app/vendor/cakephp/debug_kit/src/Middleware/DebugKitMiddleware.php(52): Cake\Http\Runner->__invoke(Object(Cake\Http\ServerRequest), Object(Cake\Http\Response))
#18 /home/joe/PhpstormProjects/Capstone2018/app/vendor/cakephp/cakephp/src/Http/Runner.php(65): DebugKit\Middleware\DebugKitMiddleware->__invoke(Object(Cake\Http\ServerRequest), Object(Cake\Http\Response), Object(Cake\Http\Runner))
#19 /home/joe/PhpstormProjects/Capstone2018/app/vendor/cakephp/cakephp/src/Http/Runner.php(51): Cake\Http\Runner->__invoke(Object(Cake\Http\ServerRequest), Object(Cake\Http\Response))
#20 /home/joe/PhpstormProjects/Capstone2018/app/vendor/cakephp/cakephp/src/Http/Server.php(81): Cake\Http\Runner->run(Object(Cake\Http\MiddlewareQueue), Object(Cake\Http\ServerRequest), Object(Cake\Http\Response))
#21 /home/joe/PhpstormProjects/Capstone2018/app/webroot/index.php(40): Cake\Http\Server->run()
#22 {main}


2018-03-07 22:04:08 Error: [Cake\Database\Exception] Cannot describe posts. It has 0 columns.
Request URL: /posts/index
Stack Trace:
#0 /home/joe/PhpstormProjects/Capstone2018/app/vendor/cakephp/cakephp/src/ORM/Table.php(532): Cake\Database\Schema\Collection->describe('posts')
#1 /home/joe/PhpstormProjects/Capstone2018/app/vendor/cakephp/cakephp/src/ORM/Query.php(211): Cake\ORM\Table->getSchema()
#2 /home/joe/PhpstormProjects/Capstone2018/app/vendor/cakephp/cakephp/src/ORM/Query.php(168): Cake\ORM\Query->addDefaultTypes(Object(App\Model\Table\PostsTable))
#3 /home/joe/PhpstormProjects/Capstone2018/app/vendor/cakephp/cakephp/src/ORM/Table.php(1582): Cake\ORM\Query->__construct(Object(Cake\Database\Connection), Object(App\Model\Table\PostsTable))
#4 /home/joe/PhpstormProjects/Capstone2018/app/vendor/cakephp/cakephp/src/ORM/Table.php(1182): Cake\ORM\Table->query()
#5 /home/joe/PhpstormProjects/Capstone2018/app/src/Controller/PostsController.php(11): Cake\ORM\Table->find()
#6 /home/joe/PhpstormProjects/Capstone2018/app/vendor/cakephp/cakephp/src/Controller/Controller.php(440): App\Controller\PostsController->index()
#7 /home/joe/PhpstormProjects/Capstone2018/app/vendor/cakephp/cakephp/src/Http/ActionDispatcher.php(119): Cake\Controller\Controller->invokeAction()
#8 /home/joe/PhpstormProjects/Capstone2018/app/vendor/cakephp/cakephp/src/Http/ActionDispatcher.php(93): Cake\Http\ActionDispatcher->_invoke(Object(App\Controller\PostsController))
#9 /home/joe/PhpstormProjects/Capstone2018/app/vendor/cakephp/cakephp/src/Http/BaseApplication.php(108): Cake\Http\ActionDispatcher->dispatch(Object(Cake\Http\ServerRequest), Object(Cake\Http\Response))
#10 /home/joe/PhpstormProjects/Capstone2018/app/vendor/cakephp/cakephp/src/Http/Runner.php(65): Cake\Http\BaseApplication->__invoke(Object(Cake\Http\ServerRequest), Object(Cake\Http\Response), Object(Cake\Http\Runner))
#11 /home/joe/PhpstormProjects/Capstone2018/app/vendor/cakephp/cakephp/src/Routing/Middleware/RoutingMiddleware.php(104): Cake\Http\Runner->__invoke(Object(Cake\Http\ServerRequest), Object(Cake\Http\Response))
#12 /home/joe/PhpstormProjects/Capstone2018/app/vendor/cakephp/cakephp/src/Http/Runner.php(65): Cake\Routing\Middleware\RoutingMiddleware->__invoke(Object(Cake\Http\ServerRequest), Object(Cake\Http\Response), Object(Cake\Http\Runner))
#13 /home/joe/PhpstormProjects/Capstone2018/app/vendor/cakephp/cakephp/src/Routing/Middleware/AssetMiddleware.php(88): Cake\Http\Runner->__invoke(Object(Cake\Http\ServerRequest), Object(Cake\Http\Response))
#14 /home/joe/PhpstormProjects/Capstone2018/app/vendor/cakephp/cakephp/src/Http/Runner.php(65): Cake\Routing\Middleware\AssetMiddleware->__invoke(Object(Cake\Http\ServerRequest), Object(Cake\Http\Response), Object(Cake\Http\Runner))
#15 /home/joe/PhpstormProjects/Capstone2018/app/vendor/cakephp/cakephp/src/Error/Middleware/ErrorHandlerMiddleware.php(98): Cake\Http\Runner->__invoke(Object(Cake\Http\ServerRequest), Object(Cake\Http\Response))
#16 /home/joe/PhpstormProjects/Capstone2018/app/vendor/cakephp/cakephp/src/Http/Runner.php(65): Cake\Error\Middleware\ErrorHandlerMiddleware->__invoke(Object(Cake\Http\ServerRequest), Object(Cake\Http\Response), Object(Cake\Http\Runner))
#17 /home/joe/PhpstormProjects/Capstone2018/app/vendor/cakephp/debug_kit/src/Middleware/DebugKitMiddleware.php(52): Cake\Http\Runner->__invoke(Object(Cake\Http\ServerRequest), Object(Cake\Http\Response))
#18 /home/joe/PhpstormProjects/Capstone2018/app/vendor/cakephp/cakephp/src/Http/Runner.php(65): DebugKit\Middleware\DebugKitMiddleware->__invoke(Object(Cake\Http\ServerRequest), Object(Cake\Http\Response), Object(Cake\Http\Runner))
#19 /home/joe/PhpstormProjects/Capstone2018/app/vendor/cakephp/cakephp/src/Http/Runner.php(51): Cake\Http\Runner->__invoke(Object(Cake\Http\ServerRequest), Object(Cake\Http\Response))
#20 /home/joe/PhpstormProjects/Capstone2018/app/vendor/cakephp/cakephp/src/Http/Server.php(81): Cake\Http\Runner->run(Object(Cake\Http\MiddlewareQueue), Object(Cake\Http\ServerRequest), Object(Cake\Http\Response))
#21 /home/joe/PhpstormProjects/Capstone2018/app/webroot/index.php(40): Cake\Http\Server->run()
#22 {main}


2018-03-07 22:04:17 Error: [Cake\Database\Exception] Cannot describe posts. It has 0 columns.
Request URL: /Posts/index
Stack Trace:
#0 /home/joe/PhpstormProjects/Capstone2018/app/vendor/cakephp/cakephp/src/ORM/Table.php(532): Cake\Database\Schema\Collection->describe('posts')
#1 /home/joe/PhpstormProjects/Capstone2018/app/vendor/cakephp/cakephp/src/ORM/Query.php(211): Cake\ORM\Table->getSchema()
#2 /home/joe/PhpstormProjects/Capstone2018/app/vendor/cakephp/cakephp/src/ORM/Query.php(168): Cake\ORM\Query->addDefaultTypes(Object(App\Model\Table\PostsTable))
#3 /home/joe/PhpstormProjects/Capstone2018/app/vendor/cakephp/cakephp/src/ORM/Table.php(1582): Cake\ORM\Query->__construct(Object(Cake\Database\Connection), Object(App\Model\Table\PostsTable))
#4 /home/joe/PhpstormProjects/Capstone2018/app/vendor/cakephp/cakephp/src/ORM/Table.php(1182): Cake\ORM\Table->query()
#5 /home/joe/PhpstormProjects/Capstone2018/app/src/Controller/PostsController.php(11): Cake\ORM\Table->find()
#6 /home/joe/PhpstormProjects/Capstone2018/app/vendor/cakephp/cakephp/src/Controller/Controller.php(440): App\Controller\PostsController->index()
#7 /home/joe/PhpstormProjects/Capstone2018/app/vendor/cakephp/cakephp/src/Http/ActionDispatcher.php(119): Cake\Controller\Controller->invokeAction()
#8 /home/joe/PhpstormProjects/Capstone2018/app/vendor/cakephp/cakephp/src/Http/ActionDispatcher.php(93): Cake\Http\ActionDispatcher->_invoke(Object(App\Controller\PostsController))
#9 /home/joe/PhpstormProjects/Capstone2018/app/vendor/cakephp/cakephp/src/Http/BaseApplication.php(108): Cake\Http\ActionDispatcher->dispatch(Object(Cake\Http\ServerRequest), Object(Cake\Http\Response))
#10 /home/joe/PhpstormProjects/Capstone2018/app/vendor/cakephp/cakephp/src/Http/Runner.php(65): Cake\Http\BaseApplication->__invoke(Object(Cake\Http\ServerRequest), Object(Cake\Http\Response), Object(Cake\Http\Runner))
#11 /home/joe/PhpstormProjects/Capstone2018/app/vendor/cakephp/cakephp/src/Routing/Middleware/RoutingMiddleware.php(104): Cake\Http\Runner->__invoke(Object(Cake\Http\ServerRequest), Object(Cake\Http\Response))
#12 /home/joe/PhpstormProjects/Capstone2018/app/vendor/cakephp/cakephp/src/Http/Runner.php(65): Cake\Routing\Middleware\RoutingMiddleware->__invoke(Object(Cake\Http\ServerRequest), Object(Cake\Http\Response), Object(Cake\Http\Runner))
#13 /home/joe/PhpstormProjects/Capstone2018/app/vendor/cakephp/cakephp/src/Routing/Middleware/AssetMiddleware.php(88): Cake\Http\Runner->__invoke(Object(Cake\Http\ServerRequest), Object(Cake\Http\Response))
#14 /home/joe/PhpstormProjects/Capstone2018/app/vendor/cakephp/cakephp/src/Http/Runner.php(65): Cake\Routing\Middleware\AssetMiddleware->__invoke(Object(Cake\Http\ServerRequest), Object(Cake\Http\Response), Object(Cake\Http\Runner))
#15 /home/joe/PhpstormProjects/Capstone2018/app/vendor/cakephp/cakephp/src/Error/Middleware/ErrorHandlerMiddleware.php(98): Cake\Http\Runner->__invoke(Object(Cake\Http\ServerRequest), Object(Cake\Http\Response))
#16 /home/joe/PhpstormProjects/Capstone2018/app/vendor/cakephp/cakephp/src/Http/Runner.php(65): Cake\Error\Middleware\ErrorHandlerMiddleware->__invoke(Object(Cake\Http\ServerRequest), Object(Cake\Http\Response), Object(Cake\Http\Runner))
#17 /home/joe/PhpstormProjects/Capstone2018/app/vendor/cakephp/debug_kit/src/Middleware/DebugKitMiddleware.php(52): Cake\Http\Runner->__invoke(Object(Cake\Http\ServerRequest), Object(Cake\Http\Response))
#18 /home/joe/PhpstormProjects/Capstone2018/app/vendor/cakephp/cakephp/src/Http/Runner.php(65): DebugKit\Middleware\DebugKitMiddleware->__invoke(Object(Cake\Http\ServerRequest), Object(Cake\Http\Response), Object(Cake\Http\Runner))
#19 /home/joe/PhpstormProjects/Capstone2018/app/vendor/cakephp/cakephp/src/Http/Runner.php(51): Cake\Http\Runner->__invoke(Object(Cake\Http\ServerRequest), Object(Cake\Http\Response))
#20 /home/joe/PhpstormProjects/Capstone2018/app/vendor/cakephp/cakephp/src/Http/Server.php(81): Cake\Http\Runner->run(Object(Cake\Http\MiddlewareQueue), Object(Cake\Http\ServerRequest), Object(Cake\Http\Response))
#21 /home/joe/PhpstormProjects/Capstone2018/app/webroot/index.php(40): Cake\Http\Server->run()
#22 {main}


2018-03-07 22:04:26 Error: [Cake\Routing\Exception\MissingControllerException] Controller class Post could not be found.
Exception Attributes: array (
  'class' => 'Post',
  'plugin' => false,
  'prefix' => false,
  '_ext' => false,
)
Request URL: /post/index
Stack Trace:
#0 /home/joe/PhpstormProjects/Capstone2018/app/vendor/cakephp/cakephp/src/Http/ControllerFactory.php(38): Cake\Http\ControllerFactory->missingController(Object(Cake\Http\ServerRequest))
#1 /home/joe/PhpstormProjects/Capstone2018/app/vendor/cakephp/cakephp/src/Http/ActionDispatcher.php(90): Cake\Http\ControllerFactory->create(Object(Cake\Http\ServerRequest), Object(Cake\Http\Response))
#2 /home/joe/PhpstormProjects/Capstone2018/app/vendor/cakephp/cakephp/src/Http/BaseApplication.php(108): Cake\Http\ActionDispatcher->dispatch(Object(Cake\Http\ServerRequest), Object(Cake\Http\Response))
#3 /home/joe/PhpstormProjects/Capstone2018/app/vendor/cakephp/cakephp/src/Http/Runner.php(65): Cake\Http\BaseApplication->__invoke(Object(Cake\Http\ServerRequest), Object(Cake\Http\Response), Object(Cake\Http\Runner))
#4 /home/joe/PhpstormProjects/Capstone2018/app/vendor/cakephp/cakephp/src/Routing/Middleware/RoutingMiddleware.php(104): Cake\Http\Runner->__invoke(Object(Cake\Http\ServerRequest), Object(Cake\Http\Response))
#5 /home/joe/PhpstormProjects/Capstone2018/app/vendor/cakephp/cakephp/src/Http/Runner.php(65): Cake\Routing\Middleware\RoutingMiddleware->__invoke(Object(Cake\Http\ServerRequest), Object(Cake\Http\Response), Object(Cake\Http\Runner))
#6 /home/joe/PhpstormProjects/Capstone2018/app/vendor/cakephp/cakephp/src/Routing/Middleware/AssetMiddleware.php(88): Cake\Http\Runner->__invoke(Object(Cake\Http\ServerRequest), Object(Cake\Http\Response))
#7 /home/joe/PhpstormProjects/Capstone2018/app/vendor/cakephp/cakephp/src/Http/Runner.php(65): Cake\Routing\Middleware\AssetMiddleware->__invoke(Object(Cake\Http\ServerRequest), Object(Cake\Http\Response), Object(Cake\Http\Runner))
#8 /home/joe/PhpstormProjects/Capstone2018/app/vendor/cakephp/cakephp/src/Error/Middleware/ErrorHandlerMiddleware.php(98): Cake\Http\Runner->__invoke(Object(Cake\Http\ServerRequest), Object(Cake\Http\Response))
#9 /home/joe/PhpstormProjects/Capstone2018/app/vendor/cakephp/cakephp/src/Http/Runner.php(65): Cake\Error\Middleware\ErrorHandlerMiddleware->__invoke(Object(Cake\Http\ServerRequest), Object(Cake\Http\Response), Object(Cake\Http\Runner))
#10 /home/joe/PhpstormProjects/Capstone2018/app/vendor/cakephp/debug_kit/src/Middleware/DebugKitMiddleware.php(52): Cake\Http\Runner->__invoke(Object(Cake\Http\ServerRequest), Object(Cake\Http\Response))
#11 /home/joe/PhpstormProjects/Capstone2018/app/vendor/cakephp/cakephp/src/Http/Runner.php(65): DebugKit\Middleware\DebugKitMiddleware->__invoke(Object(Cake\Http\ServerRequest), Object(Cake\Http\Response), Object(Cake\Http\Runner))
#12 /home/joe/PhpstormProjects/Capstone2018/app/vendor/cakephp/cakephp/src/Http/Runner.php(51): Cake\Http\Runner->__invoke(Object(Cake\Http\ServerRequest), Object(Cake\Http\Response))
#13 /home/joe/PhpstormProjects/Capstone2018/app/vendor/cakephp/cakephp/src/Http/Server.php(81): Cake\Http\Runner->run(Object(Cake\Http\MiddlewareQueue), Object(Cake\Http\ServerRequest), Object(Cake\Http\Response))
#14 /home/joe/PhpstormProjects/Capstone2018/app/webroot/index.php(40): Cake\Http\Server->run()
#15 {main}


2018-03-07 22:04:35 Error: [Cake\Database\Exception] Cannot describe posts. It has 0 columns.
Request URL: /posts/index
Stack Trace:
#0 /home/joe/PhpstormProjects/Capstone2018/app/vendor/cakephp/cakephp/src/ORM/Table.php(532): Cake\Database\Schema\Collection->describe('posts')
#1 /home/joe/PhpstormProjects/Capstone2018/app/vendor/cakephp/cakephp/src/ORM/Query.php(211): Cake\ORM\Table->getSchema()
#2 /home/joe/PhpstormProjects/Capstone2018/app/vendor/cakephp/cakephp/src/ORM/Query.php(168): Cake\ORM\Query->addDefaultTypes(Object(App\Model\Table\PostsTable))
#3 /home/joe/PhpstormProjects/Capstone2018/app/vendor/cakephp/cakephp/src/ORM/Table.php(1582): Cake\ORM\Query->__construct(Object(Cake\Database\Connection), Object(App\Model\Table\PostsTable))
#4 /home/joe/PhpstormProjects/Capstone2018/app/vendor/cakephp/cakephp/src/ORM/Table.php(1182): Cake\ORM\Table->query()
#5 /home/joe/PhpstormProjects/Capstone2018/app/src/Controller/PostsController.php(11): Cake\ORM\Table->find()
#6 /home/joe/PhpstormProjects/Capstone2018/app/vendor/cakephp/cakephp/src/Controller/Controller.php(440): App\Controller\PostsController->index()
#7 /home/joe/PhpstormProjects/Capstone2018/app/vendor/cakephp/cakephp/src/Http/ActionDispatcher.php(119): Cake\Controller\Controller->invokeAction()
#8 /home/joe/PhpstormProjects/Capstone2018/app/vendor/cakephp/cakephp/src/Http/ActionDispatcher.php(93): Cake\Http\ActionDispatcher->_invoke(Object(App\Controller\PostsController))
#9 /home/joe/PhpstormProjects/Capstone2018/app/vendor/cakephp/cakephp/src/Http/BaseApplication.php(108): Cake\Http\ActionDispatcher->dispatch(Object(Cake\Http\ServerRequest), Object(Cake\Http\Response))
#10 /home/joe/PhpstormProjects/Capstone2018/app/vendor/cakephp/cakephp/src/Http/Runner.php(65): Cake\Http\BaseApplication->__invoke(Object(Cake\Http\ServerRequest), Object(Cake\Http\Response), Object(Cake\Http\Runner))
#11 /home/joe/PhpstormProjects/Capstone2018/app/vendor/cakephp/cakephp/src/Routing/Middleware/RoutingMiddleware.php(104): Cake\Http\Runner->__invoke(Object(Cake\Http\ServerRequest), Object(Cake\Http\Response))
#12 /home/joe/PhpstormProjects/Capstone2018/app/vendor/cakephp/cakephp/src/Http/Runner.php(65): Cake\Routing\Middleware\RoutingMiddleware->__invoke(Object(Cake\Http\ServerRequest), Object(Cake\Http\Response), Object(Cake\Http\Runner))
#13 /home/joe/PhpstormProjects/Capstone2018/app/vendor/cakephp/cakephp/src/Routing/Middleware/AssetMiddleware.php(88): Cake\Http\Runner->__invoke(Object(Cake\Http\ServerRequest), Object(Cake\Http\Response))
#14 /home/joe/PhpstormProjects/Capstone2018/app/vendor/cakephp/cakephp/src/Http/Runner.php(65): Cake\Routing\Middleware\AssetMiddleware->__invoke(Object(Cake\Http\ServerRequest), Object(Cake\Http\Response), Object(Cake\Http\Runner))
#15 /home/joe/PhpstormProjects/Capstone2018/app/vendor/cakephp/cakephp/src/Error/Middleware/ErrorHandlerMiddleware.php(98): Cake\Http\Runner->__invoke(Object(Cake\Http\ServerRequest), Object(Cake\Http\Response))
#16 /home/joe/PhpstormProjects/Capstone2018/app/vendor/cakephp/cakephp/src/Http/Runner.php(65): Cake\Error\Middleware\ErrorHandlerMiddleware->__invoke(Object(Cake\Http\ServerRequest), Object(Cake\Http\Response), Object(Cake\Http\Runner))
#17 /home/joe/PhpstormProjects/Capstone2018/app/vendor/cakephp/debug_kit/src/Middleware/DebugKitMiddleware.php(52): Cake\Http\Runner->__invoke(Object(Cake\Http\ServerRequest), Object(Cake\Http\Response))
#18 /home/joe/PhpstormProjects/Capstone2018/app/vendor/cakephp/cakephp/src/Http/Runner.php(65): DebugKit\Middleware\DebugKitMiddleware->__invoke(Object(Cake\Http\ServerRequest), Object(Cake\Http\Response), Object(Cake\Http\Runner))
#19 /home/joe/PhpstormProjects/Capstone2018/app/vendor/cakephp/cakephp/src/Http/Runner.php(51): Cake\Http\Runner->__invoke(Object(Cake\Http\ServerRequest), Object(Cake\Http\Response))
#20 /home/joe/PhpstormProjects/Capstone2018/app/vendor/cakephp/cakephp/src/Http/Server.php(81): Cake\Http\Runner->run(Object(Cake\Http\MiddlewareQueue), Object(Cake\Http\ServerRequest), Object(Cake\Http\Response))
#21 /home/joe/PhpstormProjects/Capstone2018/app/webroot/index.php(40): Cake\Http\Server->run()
#22 {main}


2018-03-07 22:05:45 Error: [Cake\Database\Exception] Cannot describe posts. It has 0 columns.
Request URL: /posts/index
Stack Trace:
#0 /home/joe/PhpstormProjects/Capstone2018/app/vendor/cakephp/cakephp/src/ORM/Table.php(532): Cake\Database\Schema\Collection->describe('posts')
#1 /home/joe/PhpstormProjects/Capstone2018/app/vendor/cakephp/cakephp/src/ORM/Query.php(211): Cake\ORM\Table->getSchema()
#2 /home/joe/PhpstormProjects/Capstone2018/app/vendor/cakephp/cakephp/src/ORM/Query.php(168): Cake\ORM\Query->addDefaultTypes(Object(App\Model\Table\PostsTable))
#3 /home/joe/PhpstormProjects/Capstone2018/app/vendor/cakephp/cakephp/src/ORM/Table.php(1582): Cake\ORM\Query->__construct(Object(Cake\Database\Connection), Object(App\Model\Table\PostsTable))
#4 /home/joe/PhpstormProjects/Capstone2018/app/vendor/cakephp/cakephp/src/ORM/Table.php(1182): Cake\ORM\Table->query()
#5 /home/joe/PhpstormProjects/Capstone2018/app/src/Controller/PostsController.php(11): Cake\ORM\Table->find()
#6 /home/joe/PhpstormProjects/Capstone2018/app/vendor/cakephp/cakephp/src/Controller/Controller.php(440): App\Controller\PostsController->index()
#7 /home/joe/PhpstormProjects/Capstone2018/app/vendor/cakephp/cakephp/src/Http/ActionDispatcher.php(119): Cake\Controller\Controller->invokeAction()
#8 /home/joe/PhpstormProjects/Capstone2018/app/vendor/cakephp/cakephp/src/Http/ActionDispatcher.php(93): Cake\Http\ActionDispatcher->_invoke(Object(App\Controller\PostsController))
#9 /home/joe/PhpstormProjects/Capstone2018/app/vendor/cakephp/cakephp/src/Http/BaseApplication.php(108): Cake\Http\ActionDispatcher->dispatch(Object(Cake\Http\ServerRequest), Object(Cake\Http\Response))
#10 /home/joe/PhpstormProjects/Capstone2018/app/vendor/cakephp/cakephp/src/Http/Runner.php(65): Cake\Http\BaseApplication->__invoke(Object(Cake\Http\ServerRequest), Object(Cake\Http\Response), Object(Cake\Http\Runner))
#11 /home/joe/PhpstormProjects/Capstone2018/app/vendor/cakephp/cakephp/src/Routing/Middleware/RoutingMiddleware.php(104): Cake\Http\Runner->__invoke(Object(Cake\Http\ServerRequest), Object(Cake\Http\Response))
#12 /home/joe/PhpstormProjects/Capstone2018/app/vendor/cakephp/cakephp/src/Http/Runner.php(65): Cake\Routing\Middleware\RoutingMiddleware->__invoke(Object(Cake\Http\ServerRequest), Object(Cake\Http\Response), Object(Cake\Http\Runner))
#13 /home/joe/PhpstormProjects/Capstone2018/app/vendor/cakephp/cakephp/src/Routing/Middleware/AssetMiddleware.php(88): Cake\Http\Runner->__invoke(Object(Cake\Http\ServerRequest), Object(Cake\Http\Response))
#14 /home/joe/PhpstormProjects/Capstone2018/app/vendor/cakephp/cakephp/src/Http/Runner.php(65): Cake\Routing\Middleware\AssetMiddleware->__invoke(Object(Cake\Http\ServerRequest), Object(Cake\Http\Response), Object(Cake\Http\Runner))
#15 /home/joe/PhpstormProjects/Capstone2018/app/vendor/cakephp/cakephp/src/Error/Middleware/ErrorHandlerMiddleware.php(98): Cake\Http\Runner->__invoke(Object(Cake\Http\ServerRequest), Object(Cake\Http\Response))
#16 /home/joe/PhpstormProjects/Capstone2018/app/vendor/cakephp/cakephp/src/Http/Runner.php(65): Cake\Error\Middleware\ErrorHandlerMiddleware->__invoke(Object(Cake\Http\ServerRequest), Object(Cake\Http\Response), Object(Cake\Http\Runner))
#17 /home/joe/PhpstormProjects/Capstone2018/app/vendor/cakephp/debug_kit/src/Middleware/DebugKitMiddleware.php(52): Cake\Http\Runner->__invoke(Object(Cake\Http\ServerRequest), Object(Cake\Http\Response))
#18 /home/joe/PhpstormProjects/Capstone2018/app/vendor/cakephp/cakephp/src/Http/Runner.php(65): DebugKit\Middleware\DebugKitMiddleware->__invoke(Object(Cake\Http\ServerRequest), Object(Cake\Http\Response), Object(Cake\Http\Runner))
#19 /home/joe/PhpstormProjects/Capstone2018/app/vendor/cakephp/cakephp/src/Http/Runner.php(51): Cake\Http\Runner->__invoke(Object(Cake\Http\ServerRequest), Object(Cake\Http\Response))
#20 /home/joe/PhpstormProjects/Capstone2018/app/vendor/cakephp/cakephp/src/Http/Server.php(81): Cake\Http\Runner->run(Object(Cake\Http\MiddlewareQueue), Object(Cake\Http\ServerRequest), Object(Cake\Http\Response))
#21 /home/joe/PhpstormProjects/Capstone2018/app/webroot/index.php(40): Cake\Http\Server->run()
#22 {main}


2018-03-07 22:10:10 Error: [Cake\Database\Exception] Cannot describe posts. It has 0 columns.
Request URL: /posts/index
Stack Trace:
#0 /home/joe/PhpstormProjects/Capstone2018/app/vendor/cakephp/cakephp/src/ORM/Table.php(532): Cake\Database\Schema\Collection->describe('posts')
#1 /home/joe/PhpstormProjects/Capstone2018/app/vendor/cakephp/cakephp/src/ORM/Query.php(211): Cake\ORM\Table->getSchema()
#2 /home/joe/PhpstormProjects/Capstone2018/app/vendor/cakephp/cakephp/src/ORM/Query.php(168): Cake\ORM\Query->addDefaultTypes(Object(App\Model\Table\PostsTable))
#3 /home/joe/PhpstormProjects/Capstone2018/app/vendor/cakephp/cakephp/src/ORM/Table.php(1582): Cake\ORM\Query->__construct(Object(Cake\Database\Connection), Object(App\Model\Table\PostsTable))
#4 /home/joe/PhpstormProjects/Capstone2018/app/vendor/cakephp/cakephp/src/ORM/Table.php(1182): Cake\ORM\Table->query()
#5 /home/joe/PhpstormProjects/Capstone2018/app/src/Controller/PostsController.php(11): Cake\ORM\Table->find()
#6 /home/joe/PhpstormProjects/Capstone2018/app/vendor/cakephp/cakephp/src/Controller/Controller.php(440): App\Controller\PostsController->index()
#7 /home/joe/PhpstormProjects/Capstone2018/app/vendor/cakephp/cakephp/src/Http/ActionDispatcher.php(119): Cake\Controller\Controller->invokeAction()
#8 /home/joe/PhpstormProjects/Capstone2018/app/vendor/cakephp/cakephp/src/Http/ActionDispatcher.php(93): Cake\Http\ActionDispatcher->_invoke(Object(App\Controller\PostsController))
#9 /home/joe/PhpstormProjects/Capstone2018/app/vendor/cakephp/cakephp/src/Http/BaseApplication.php(108): Cake\Http\ActionDispatcher->dispatch(Object(Cake\Http\ServerRequest), Object(Cake\Http\Response))
#10 /home/joe/PhpstormProjects/Capstone2018/app/vendor/cakephp/cakephp/src/Http/Runner.php(65): Cake\Http\BaseApplication->__invoke(Object(Cake\Http\ServerRequest), Object(Cake\Http\Response), Object(Cake\Http\Runner))
#11 /home/joe/PhpstormProjects/Capstone2018/app/vendor/cakephp/cakephp/src/Routing/Middleware/RoutingMiddleware.php(104): Cake\Http\Runner->__invoke(Object(Cake\Http\ServerRequest), Object(Cake\Http\Response))
#12 /home/joe/PhpstormProjects/Capstone2018/app/vendor/cakephp/cakephp/src/Http/Runner.php(65): Cake\Routing\Middleware\RoutingMiddleware->__invoke(Object(Cake\Http\ServerRequest), Object(Cake\Http\Response), Object(Cake\Http\Runner))
#13 /home/joe/PhpstormProjects/Capstone2018/app/vendor/cakephp/cakephp/src/Routing/Middleware/AssetMiddleware.php(88): Cake\Http\Runner->__invoke(Object(Cake\Http\ServerRequest), Object(Cake\Http\Response))
#14 /home/joe/PhpstormProjects/Capstone2018/app/vendor/cakephp/cakephp/src/Http/Runner.php(65): Cake\Routing\Middleware\AssetMiddleware->__invoke(Object(Cake\Http\ServerRequest), Object(Cake\Http\Response), Object(Cake\Http\Runner))
#15 /home/joe/PhpstormProjects/Capstone2018/app/vendor/cakephp/cakephp/src/Error/Middleware/ErrorHandlerMiddleware.php(98): Cake\Http\Runner->__invoke(Object(Cake\Http\ServerRequest), Object(Cake\Http\Response))
#16 /home/joe/PhpstormProjects/Capstone2018/app/vendor/cakephp/cakephp/src/Http/Runner.php(65): Cake\Error\Middleware\ErrorHandlerMiddleware->__invoke(Object(Cake\Http\ServerRequest), Object(Cake\Http\Response), Object(Cake\Http\Runner))
#17 /home/joe/PhpstormProjects/Capstone2018/app/vendor/cakephp/debug_kit/src/Middleware/DebugKitMiddleware.php(52): Cake\Http\Runner->__invoke(Object(Cake\Http\ServerRequest), Object(Cake\Http\Response))
#18 /home/joe/PhpstormProjects/Capstone2018/app/vendor/cakephp/cakephp/src/Http/Runner.php(65): DebugKit\Middleware\DebugKitMiddleware->__invoke(Object(Cake\Http\ServerRequest), Object(Cake\Http\Response), Object(Cake\Http\Runner))
#19 /home/joe/PhpstormProjects/Capstone2018/app/vendor/cakephp/cakephp/src/Http/Runner.php(51): Cake\Http\Runner->__invoke(Object(Cake\Http\ServerRequest), Object(Cake\Http\Response))
#20 /home/joe/PhpstormProjects/Capstone2018/app/vendor/cakephp/cakephp/src/Http/Server.php(81): Cake\Http\Runner->run(Object(Cake\Http\MiddlewareQueue), Object(Cake\Http\ServerRequest), Object(Cake\Http\Response))
#21 /home/joe/PhpstormProjects/Capstone2018/app/webroot/index.php(40): Cake\Http\Server->run()
#22 {main}


2018-03-07 22:11:12 Error: [Error] Call to a member function find() on boolean
Request URL: /posts/index
Stack Trace:
#0 /home/joe/PhpstormProjects/Capstone2018/app/vendor/cakephp/cakephp/src/Controller/Controller.php(440): App\Controller\PostsController->index()
#1 /home/joe/PhpstormProjects/Capstone2018/app/vendor/cakephp/cakephp/src/Http/ActionDispatcher.php(119): Cake\Controller\Controller->invokeAction()
#2 /home/joe/PhpstormProjects/Capstone2018/app/vendor/cakephp/cakephp/src/Http/ActionDispatcher.php(93): Cake\Http\ActionDispatcher->_invoke(Object(App\Controller\PostsController))
#3 /home/joe/PhpstormProjects/Capstone2018/app/vendor/cakephp/cakephp/src/Http/BaseApplication.php(108): Cake\Http\ActionDispatcher->dispatch(Object(Cake\Http\ServerRequest), Object(Cake\Http\Response))
#4 /home/joe/PhpstormProjects/Capstone2018/app/vendor/cakephp/cakephp/src/Http/Runner.php(65): Cake\Http\BaseApplication->__invoke(Object(Cake\Http\ServerRequest), Object(Cake\Http\Response), Object(Cake\Http\Runner))
#5 /home/joe/PhpstormProjects/Capstone2018/app/vendor/cakephp/cakephp/src/Routing/Middleware/RoutingMiddleware.php(104): Cake\Http\Runner->__invoke(Object(Cake\Http\ServerRequest), Object(Cake\Http\Response))
#6 /home/joe/PhpstormProjects/Capstone2018/app/vendor/cakephp/cakephp/src/Http/Runner.php(65): Cake\Routing\Middleware\RoutingMiddleware->__invoke(Object(Cake\Http\ServerRequest), Object(Cake\Http\Response), Object(Cake\Http\Runner))
#7 /home/joe/PhpstormProjects/Capstone2018/app/vendor/cakephp/cakephp/src/Routing/Middleware/AssetMiddleware.php(88): Cake\Http\Runner->__invoke(Object(Cake\Http\ServerRequest), Object(Cake\Http\Response))
#8 /home/joe/PhpstormProjects/Capstone2018/app/vendor/cakephp/cakephp/src/Http/Runner.php(65): Cake\Routing\Middleware\AssetMiddleware->__invoke(Object(Cake\Http\ServerRequest), Object(Cake\Http\Response), Object(Cake\Http\Runner))
#9 /home/joe/PhpstormProjects/Capstone2018/app/vendor/cakephp/cakephp/src/Error/Middleware/ErrorHandlerMiddleware.php(98): Cake\Http\Runner->__invoke(Object(Cake\Http\ServerRequest), Object(Cake\Http\Response))
#10 /home/joe/PhpstormProjects/Capstone2018/app/vendor/cakephp/cakephp/src/Http/Runner.php(65): Cake\Error\Middleware\ErrorHandlerMiddleware->__invoke(Object(Cake\Http\ServerRequest), Object(Cake\Http\Response), Object(Cake\Http\Runner))
#11 /home/joe/PhpstormProjects/Capstone2018/app/vendor/cakephp/debug_kit/src/Middleware/DebugKitMiddleware.php(52): Cake\Http\Runner->__invoke(Object(Cake\Http\ServerRequest), Object(Cake\Http\Response))
#12 /home/joe/PhpstormProjects/Capstone2018/app/vendor/cakephp/cakephp/src/Http/Runner.php(65): DebugKit\Middleware\DebugKitMiddleware->__invoke(Object(Cake\Http\ServerRequest), Object(Cake\Http\Response), Object(Cake\Http\Runner))
#13 /home/joe/PhpstormProjects/Capstone2018/app/vendor/cakephp/cakephp/src/Http/Runner.php(51): Cake\Http\Runner->__invoke(Object(Cake\Http\ServerRequest), Object(Cake\Http\Response))
#14 /home/joe/PhpstormProjects/Capstone2018/app/vendor/cakephp/cakephp/src/Http/Server.php(81): Cake\Http\Runner->run(Object(Cake\Http\MiddlewareQueue), Object(Cake\Http\ServerRequest), Object(Cake\Http\Response))
#15 /home/joe/PhpstormProjects/Capstone2018/app/webroot/index.php(40): Cake\Http\Server->run()
#16 {main}


2018-03-07 22:14:19 Error: [Cake\Database\Exception] Cannot describe posts. It has 0 columns.
Request URL: /posts/index
Stack Trace:
#0 /home/joe/PhpstormProjects/Capstone2018/app/vendor/cakephp/cakephp/src/ORM/Table.php(532): Cake\Database\Schema\Collection->describe('posts')
#1 /home/joe/PhpstormProjects/Capstone2018/app/vendor/cakephp/cakephp/src/ORM/Query.php(211): Cake\ORM\Table->getSchema()
#2 /home/joe/PhpstormProjects/Capstone2018/app/vendor/cakephp/cakephp/src/ORM/Query.php(168): Cake\ORM\Query->addDefaultTypes(Object(App\Model\Table\PostsTable))
#3 /home/joe/PhpstormProjects/Capstone2018/app/vendor/cakephp/cakephp/src/ORM/Table.php(1582): Cake\ORM\Query->__construct(Object(Cake\Database\Connection), Object(App\Model\Table\PostsTable))
#4 /home/joe/PhpstormProjects/Capstone2018/app/vendor/cakephp/cakephp/src/ORM/Table.php(1182): Cake\ORM\Table->query()
#5 /home/joe/PhpstormProjects/Capstone2018/app/src/Controller/PostsController.php(11): Cake\ORM\Table->find()
#6 /home/joe/PhpstormProjects/Capstone2018/app/vendor/cakephp/cakephp/src/Controller/Controller.php(440): App\Controller\PostsController->index()
#7 /home/joe/PhpstormProjects/Capstone2018/app/vendor/cakephp/cakephp/src/Http/ActionDispatcher.php(119): Cake\Controller\Controller->invokeAction()
#8 /home/joe/PhpstormProjects/Capstone2018/app/vendor/cakephp/cakephp/src/Http/ActionDispatcher.php(93): Cake\Http\ActionDispatcher->_invoke(Object(App\Controller\PostsController))
#9 /home/joe/PhpstormProjects/Capstone2018/app/vendor/cakephp/cakephp/src/Http/BaseApplication.php(108): Cake\Http\ActionDispatcher->dispatch(Object(Cake\Http\ServerRequest), Object(Cake\Http\Response))
#10 /home/joe/PhpstormProjects/Capstone2018/app/vendor/cakephp/cakephp/src/Http/Runner.php(65): Cake\Http\BaseApplication->__invoke(Object(Cake\Http\ServerRequest), Object(Cake\Http\Response), Object(Cake\Http\Runner))
#11 /home/joe/PhpstormProjects/Capstone2018/app/vendor/cakephp/cakephp/src/Routing/Middleware/RoutingMiddleware.php(104): Cake\Http\Runner->__invoke(Object(Cake\Http\ServerRequest), Object(Cake\Http\Response))
#12 /home/joe/PhpstormProjects/Capstone2018/app/vendor/cakephp/cakephp/src/Http/Runner.php(65): Cake\Routing\Middleware\RoutingMiddleware->__invoke(Object(Cake\Http\ServerRequest), Object(Cake\Http\Response), Object(Cake\Http\Runner))
#13 /home/joe/PhpstormProjects/Capstone2018/app/vendor/cakephp/cakephp/src/Routing/Middleware/AssetMiddleware.php(88): Cake\Http\Runner->__invoke(Object(Cake\Http\ServerRequest), Object(Cake\Http\Response))
#14 /home/joe/PhpstormProjects/Capstone2018/app/vendor/cakephp/cakephp/src/Http/Runner.php(65): Cake\Routing\Middleware\AssetMiddleware->__invoke(Object(Cake\Http\ServerRequest), Object(Cake\Http\Response), Object(Cake\Http\Runner))
#15 /home/joe/PhpstormProjects/Capstone2018/app/vendor/cakephp/cakephp/src/Error/Middleware/ErrorHandlerMiddleware.php(98): Cake\Http\Runner->__invoke(Object(Cake\Http\ServerRequest), Object(Cake\Http\Response))
#16 /home/joe/PhpstormProjects/Capstone2018/app/vendor/cakephp/cakephp/src/Http/Runner.php(65): Cake\Error\Middleware\ErrorHandlerMiddleware->__invoke(Object(Cake\Http\ServerRequest), Object(Cake\Http\Response), Object(Cake\Http\Runner))
#17 /home/joe/PhpstormProjects/Capstone2018/app/vendor/cakephp/debug_kit/src/Middleware/DebugKitMiddleware.php(52): Cake\Http\Runner->__invoke(Object(Cake\Http\ServerRequest), Object(Cake\Http\Response))
#18 /home/joe/PhpstormProjects/Capstone2018/app/vendor/cakephp/cakephp/src/Http/Runner.php(65): DebugKit\Middleware\DebugKitMiddleware->__invoke(Object(Cake\Http\ServerRequest), Object(Cake\Http\Response), Object(Cake\Http\Runner))
#19 /home/joe/PhpstormProjects/Capstone2018/app/vendor/cakephp/cakephp/src/Http/Runner.php(51): Cake\Http\Runner->__invoke(Object(Cake\Http\ServerRequest), Object(Cake\Http\Response))
#20 /home/joe/PhpstormProjects/Capstone2018/app/vendor/cakephp/cakephp/src/Http/Server.php(81): Cake\Http\Runner->run(Object(Cake\Http\MiddlewareQueue), Object(Cake\Http\ServerRequest), Object(Cake\Http\Response))
#21 /home/joe/PhpstormProjects/Capstone2018/app/webroot/index.php(40): Cake\Http\Server->run()
#22 {main}


2018-03-07 22:15:54 Error: [Cake\Database\Exception] Cannot describe posts. It has 0 columns.
Request URL: /posts/index
Stack Trace:
#0 /home/joe/PhpstormProjects/Capstone2018/app/vendor/cakephp/cakephp/src/ORM/Table.php(532): Cake\Database\Schema\Collection->describe('posts')
#1 /home/joe/PhpstormProjects/Capstone2018/app/vendor/cakephp/cakephp/src/ORM/Query.php(211): Cake\ORM\Table->getSchema()
#2 /home/joe/PhpstormProjects/Capstone2018/app/vendor/cakephp/cakephp/src/ORM/Query.php(168): Cake\ORM\Query->addDefaultTypes(Object(App\Model\Table\PostsTable))
#3 /home/joe/PhpstormProjects/Capstone2018/app/vendor/cakephp/cakephp/src/ORM/Table.php(1582): Cake\ORM\Query->__construct(Object(Cake\Database\Connection), Object(App\Model\Table\PostsTable))
#4 /home/joe/PhpstormProjects/Capstone2018/app/vendor/cakephp/cakephp/src/ORM/Table.php(1182): Cake\ORM\Table->query()
#5 /home/joe/PhpstormProjects/Capstone2018/app/src/Controller/PostsController.php(11): Cake\ORM\Table->find()
#6 /home/joe/PhpstormProjects/Capstone2018/app/vendor/cakephp/cakephp/src/Controller/Controller.php(440): App\Controller\PostsController->index()
#7 /home/joe/PhpstormProjects/Capstone2018/app/vendor/cakephp/cakephp/src/Http/ActionDispatcher.php(119): Cake\Controller\Controller->invokeAction()
#8 /home/joe/PhpstormProjects/Capstone2018/app/vendor/cakephp/cakephp/src/Http/ActionDispatcher.php(93): Cake\Http\ActionDispatcher->_invoke(Object(App\Controller\PostsController))
#9 /home/joe/PhpstormProjects/Capstone2018/app/vendor/cakephp/cakephp/src/Http/BaseApplication.php(108): Cake\Http\ActionDispatcher->dispatch(Object(Cake\Http\ServerRequest), Object(Cake\Http\Response))
#10 /home/joe/PhpstormProjects/Capstone2018/app/vendor/cakephp/cakephp/src/Http/Runner.php(65): Cake\Http\BaseApplication->__invoke(Object(Cake\Http\ServerRequest), Object(Cake\Http\Response), Object(Cake\Http\Runner))
#11 /home/joe/PhpstormProjects/Capstone2018/app/vendor/cakephp/cakephp/src/Routing/Middleware/RoutingMiddleware.php(104): Cake\Http\Runner->__invoke(Object(Cake\Http\ServerRequest), Object(Cake\Http\Response))
#12 /home/joe/PhpstormProjects/Capstone2018/app/vendor/cakephp/cakephp/src/Http/Runner.php(65): Cake\Routing\Middleware\RoutingMiddleware->__invoke(Object(Cake\Http\ServerRequest), Object(Cake\Http\Response), Object(Cake\Http\Runner))
#13 /home/joe/PhpstormProjects/Capstone2018/app/vendor/cakephp/cakephp/src/Routing/Middleware/AssetMiddleware.php(88): Cake\Http\Runner->__invoke(Object(Cake\Http\ServerRequest), Object(Cake\Http\Response))
#14 /home/joe/PhpstormProjects/Capstone2018/app/vendor/cakephp/cakephp/src/Http/Runner.php(65): Cake\Routing\Middleware\AssetMiddleware->__invoke(Object(Cake\Http\ServerRequest), Object(Cake\Http\Response), Object(Cake\Http\Runner))
#15 /home/joe/PhpstormProjects/Capstone2018/app/vendor/cakephp/cakephp/src/Error/Middleware/ErrorHandlerMiddleware.php(98): Cake\Http\Runner->__invoke(Object(Cake\Http\ServerRequest), Object(Cake\Http\Response))
#16 /home/joe/PhpstormProjects/Capstone2018/app/vendor/cakephp/cakephp/src/Http/Runner.php(65): Cake\Error\Middleware\ErrorHandlerMiddleware->__invoke(Object(Cake\Http\ServerRequest), Object(Cake\Http\Response), Object(Cake\Http\Runner))
#17 /home/joe/PhpstormProjects/Capstone2018/app/vendor/cakephp/debug_kit/src/Middleware/DebugKitMiddleware.php(52): Cake\Http\Runner->__invoke(Object(Cake\Http\ServerRequest), Object(Cake\Http\Response))
#18 /home/joe/PhpstormProjects/Capstone2018/app/vendor/cakephp/cakephp/src/Http/Runner.php(65): DebugKit\Middleware\DebugKitMiddleware->__invoke(Object(Cake\Http\ServerRequest), Object(Cake\Http\Response), Object(Cake\Http\Runner))
#19 /home/joe/PhpstormProjects/Capstone2018/app/vendor/cakephp/cakephp/src/Http/Runner.php(51): Cake\Http\Runner->__invoke(Object(Cake\Http\ServerRequest), Object(Cake\Http\Response))
#20 /home/joe/PhpstormProjects/Capstone2018/app/vendor/cakephp/cakephp/src/Http/Server.php(81): Cake\Http\Runner->run(Object(Cake\Http\MiddlewareQueue), Object(Cake\Http\ServerRequest), Object(Cake\Http\Response))
#21 /home/joe/PhpstormProjects/Capstone2018/app/webroot/index.php(40): Cake\Http\Server->run()
#22 {main}


2018-03-07 22:18:30 Error: [Cake\Routing\Exception\MissingControllerException] Controller class Posts could not be found.
Exception Attributes: array (
  'class' => 'Posts',
  'plugin' => false,
  'prefix' => false,
  '_ext' => false,
)
Request URL: /posts/index
Stack Trace:
#0 /home/joe/PhpstormProjects/Capstone2018/app/vendor/cakephp/cakephp/src/Http/ControllerFactory.php(38): Cake\Http\ControllerFactory->missingController(Object(Cake\Http\ServerRequest))
#1 /home/joe/PhpstormProjects/Capstone2018/app/vendor/cakephp/cakephp/src/Http/ActionDispatcher.php(90): Cake\Http\ControllerFactory->create(Object(Cake\Http\ServerRequest), Object(Cake\Http\Response))
#2 /home/joe/PhpstormProjects/Capstone2018/app/vendor/cakephp/cakephp/src/Http/BaseApplication.php(108): Cake\Http\ActionDispatcher->dispatch(Object(Cake\Http\ServerRequest), Object(Cake\Http\Response))
#3 /home/joe/PhpstormProjects/Capstone2018/app/vendor/cakephp/cakephp/src/Http/Runner.php(65): Cake\Http\BaseApplication->__invoke(Object(Cake\Http\ServerRequest), Object(Cake\Http\Response), Object(Cake\Http\Runner))
#4 /home/joe/PhpstormProjects/Capstone2018/app/vendor/cakephp/cakephp/src/Routing/Middleware/RoutingMiddleware.php(104): Cake\Http\Runner->__invoke(Object(Cake\Http\ServerRequest), Object(Cake\Http\Response))
#5 /home/joe/PhpstormProjects/Capstone2018/app/vendor/cakephp/cakephp/src/Http/Runner.php(65): Cake\Routing\Middleware\RoutingMiddleware->__invoke(Object(Cake\Http\ServerRequest), Object(Cake\Http\Response), Object(Cake\Http\Runner))
#6 /home/joe/PhpstormProjects/Capstone2018/app/vendor/cakephp/cakephp/src/Routing/Middleware/AssetMiddleware.php(88): Cake\Http\Runner->__invoke(Object(Cake\Http\ServerRequest), Object(Cake\Http\Response))
#7 /home/joe/PhpstormProjects/Capstone2018/app/vendor/cakephp/cakephp/src/Http/Runner.php(65): Cake\Routing\Middleware\AssetMiddleware->__invoke(Object(Cake\Http\ServerRequest), Object(Cake\Http\Response), Object(Cake\Http\Runner))
#8 /home/joe/PhpstormProjects/Capstone2018/app/vendor/cakephp/cakephp/src/Error/Middleware/ErrorHandlerMiddleware.php(98): Cake\Http\Runner->__invoke(Object(Cake\Http\ServerRequest), Object(Cake\Http\Response))
#9 /home/joe/PhpstormProjects/Capstone2018/app/vendor/cakephp/cakephp/src/Http/Runner.php(65): Cake\Error\Middleware\ErrorHandlerMiddleware->__invoke(Object(Cake\Http\ServerRequest), Object(Cake\Http\Response), Object(Cake\Http\Runner))
#10 /home/joe/PhpstormProjects/Capstone2018/app/vendor/cakephp/debug_kit/src/Middleware/DebugKitMiddleware.php(52): Cake\Http\Runner->__invoke(Object(Cake\Http\ServerRequest), Object(Cake\Http\Response))
#11 /home/joe/PhpstormProjects/Capstone2018/app/vendor/cakephp/cakephp/src/Http/Runner.php(65): DebugKit\Middleware\DebugKitMiddleware->__invoke(Object(Cake\Http\ServerRequest), Object(Cake\Http\Response), Object(Cake\Http\Runner))
#12 /home/joe/PhpstormProjects/Capstone2018/app/vendor/cakephp/cakephp/src/Http/Runner.php(51): Cake\Http\Runner->__invoke(Object(Cake\Http\ServerRequest), Object(Cake\Http\Response))
#13 /home/joe/PhpstormProjects/Capstone2018/app/vendor/cakephp/cakephp/src/Http/Server.php(81): Cake\Http\Runner->run(Object(Cake\Http\MiddlewareQueue), Object(Cake\Http\ServerRequest), Object(Cake\Http\Response))
#14 /home/joe/PhpstormProjects/Capstone2018/app/webroot/index.php(40): Cake\Http\Server->run()
#15 {main}


2018-03-07 22:18:36 Error: [Cake\Database\Exception] Cannot describe articles. It has 0 columns.
Request URL: /articles/index
Stack Trace:
#0 /home/joe/PhpstormProjects/Capstone2018/app/vendor/cakephp/cakephp/src/ORM/Table.php(532): Cake\Database\Schema\Collection->describe('articles')
#1 /home/joe/PhpstormProjects/Capstone2018/app/vendor/cakephp/cakephp/src/ORM/Query.php(211): Cake\ORM\Table->getSchema()
#2 /home/joe/PhpstormProjects/Capstone2018/app/vendor/cakephp/cakephp/src/ORM/Query.php(168): Cake\ORM\Query->addDefaultTypes(Object(App\Model\Table\ArticlesTable))
#3 /home/joe/PhpstormProjects/Capstone2018/app/vendor/cakephp/cakephp/src/ORM/Table.php(1582): Cake\ORM\Query->__construct(Object(Cake\Database\Connection), Object(App\Model\Table\ArticlesTable))
#4 /home/joe/PhpstormProjects/Capstone2018/app/vendor/cakephp/cakephp/src/ORM/Table.php(1182): Cake\ORM\Table->query()
#5 /home/joe/PhpstormProjects/Capstone2018/app/src/Controller/ArticlesController.php(11): Cake\ORM\Table->find()
#6 /home/joe/PhpstormProjects/Capstone2018/app/vendor/cakephp/cakephp/src/Controller/Controller.php(440): App\Controller\ArticlesController->index()
#7 /home/joe/PhpstormProjects/Capstone2018/app/vendor/cakephp/cakephp/src/Http/ActionDispatcher.php(119): Cake\Controller\Controller->invokeAction()
#8 /home/joe/PhpstormProjects/Capstone2018/app/vendor/cakephp/cakephp/src/Http/ActionDispatcher.php(93): Cake\Http\ActionDispatcher->_invoke(Object(App\Controller\ArticlesController))
#9 /home/joe/PhpstormProjects/Capstone2018/app/vendor/cakephp/cakephp/src/Http/BaseApplication.php(108): Cake\Http\ActionDispatcher->dispatch(Object(Cake\Http\ServerRequest), Object(Cake\Http\Response))
#10 /home/joe/PhpstormProjects/Capstone2018/app/vendor/cakephp/cakephp/src/Http/Runner.php(65): Cake\Http\BaseApplication->__invoke(Object(Cake\Http\ServerRequest), Object(Cake\Http\Response), Object(Cake\Http\Runner))
#11 /home/joe/PhpstormProjects/Capstone2018/app/vendor/cakephp/cakephp/src/Routing/Middleware/RoutingMiddleware.php(104): Cake\Http\Runner->__invoke(Object(Cake\Http\ServerRequest), Object(Cake\Http\Response))
#12 /home/joe/PhpstormProjects/Capstone2018/app/vendor/cakephp/cakephp/src/Http/Runner.php(65): Cake\Routing\Middleware\RoutingMiddleware->__invoke(Object(Cake\Http\ServerRequest), Object(Cake\Http\Response), Object(Cake\Http\Runner))
#13 /home/joe/PhpstormProjects/Capstone2018/app/vendor/cakephp/cakephp/src/Routing/Middleware/AssetMiddleware.php(88): Cake\Http\Runner->__invoke(Object(Cake\Http\ServerRequest), Object(Cake\Http\Response))
#14 /home/joe/PhpstormProjects/Capstone2018/app/vendor/cakephp/cakephp/src/Http/Runner.php(65): Cake\Routing\Middleware\AssetMiddleware->__invoke(Object(Cake\Http\ServerRequest), Object(Cake\Http\Response), Object(Cake\Http\Runner))
#15 /home/joe/PhpstormProjects/Capstone2018/app/vendor/cakephp/cakephp/src/Error/Middleware/ErrorHandlerMiddleware.php(98): Cake\Http\Runner->__invoke(Object(Cake\Http\ServerRequest), Object(Cake\Http\Response))
#16 /home/joe/PhpstormProjects/Capstone2018/app/vendor/cakephp/cakephp/src/Http/Runner.php(65): Cake\Error\Middleware\ErrorHandlerMiddleware->__invoke(Object(Cake\Http\ServerRequest), Object(Cake\Http\Response), Object(Cake\Http\Runner))
#17 /home/joe/PhpstormProjects/Capstone2018/app/vendor/cakephp/debug_kit/src/Middleware/DebugKitMiddleware.php(52): Cake\Http\Runner->__invoke(Object(Cake\Http\ServerRequest), Object(Cake\Http\Response))
#18 /home/joe/PhpstormProjects/Capstone2018/app/vendor/cakephp/cakephp/src/Http/Runner.php(65): DebugKit\Middleware\DebugKitMiddleware->__invoke(Object(Cake\Http\ServerRequest), Object(Cake\Http\Response), Object(Cake\Http\Runner))
#19 /home/joe/PhpstormProjects/Capstone2018/app/vendor/cakephp/cakephp/src/Http/Runner.php(51): Cake\Http\Runner->__invoke(Object(Cake\Http\ServerRequest), Object(Cake\Http\Response))
#20 /home/joe/PhpstormProjects/Capstone2018/app/vendor/cakephp/cakephp/src/Http/Server.php(81): Cake\Http\Runner->run(Object(Cake\Http\MiddlewareQueue), Object(Cake\Http\ServerRequest), Object(Cake\Http\Response))
#21 /home/joe/PhpstormProjects/Capstone2018/app/webroot/index.php(40): Cake\Http\Server->run()
#22 {main}


2018-03-07 22:22:54 Error: [Cake\Controller\Exception\MissingActionException] Action ArticlesController::view() could not be found, or is not accessible.
Exception Attributes: array (
  'controller' => 'ArticlesController',
  'action' => 'view',
  'prefix' => '',
  'plugin' => false,
)
Request URL: /articles/view/first-post
Referer URL: http://localhost:8765/articles/index
Stack Trace:
#0 /home/joe/PhpstormProjects/Capstone2018/app/vendor/cakephp/cakephp/src/Http/ActionDispatcher.php(119): Cake\Controller\Controller->invokeAction()
#1 /home/joe/PhpstormProjects/Capstone2018/app/vendor/cakephp/cakephp/src/Http/ActionDispatcher.php(93): Cake\Http\ActionDispatcher->_invoke(Object(App\Controller\ArticlesController))
#2 /home/joe/PhpstormProjects/Capstone2018/app/vendor/cakephp/cakephp/src/Http/BaseApplication.php(108): Cake\Http\ActionDispatcher->dispatch(Object(Cake\Http\ServerRequest), Object(Cake\Http\Response))
#3 /home/joe/PhpstormProjects/Capstone2018/app/vendor/cakephp/cakephp/src/Http/Runner.php(65): Cake\Http\BaseApplication->__invoke(Object(Cake\Http\ServerRequest), Object(Cake\Http\Response), Object(Cake\Http\Runner))
#4 /home/joe/PhpstormProjects/Capstone2018/app/vendor/cakephp/cakephp/src/Routing/Middleware/RoutingMiddleware.php(104): Cake\Http\Runner->__invoke(Object(Cake\Http\ServerRequest), Object(Cake\Http\Response))
#5 /home/joe/PhpstormProjects/Capstone2018/app/vendor/cakephp/cakephp/src/Http/Runner.php(65): Cake\Routing\Middleware\RoutingMiddleware->__invoke(Object(Cake\Http\ServerRequest), Object(Cake\Http\Response), Object(Cake\Http\Runner))
#6 /home/joe/PhpstormProjects/Capstone2018/app/vendor/cakephp/cakephp/src/Routing/Middleware/AssetMiddleware.php(88): Cake\Http\Runner->__invoke(Object(Cake\Http\ServerRequest), Object(Cake\Http\Response))
#7 /home/joe/PhpstormProjects/Capstone2018/app/vendor/cakephp/cakephp/src/Http/Runner.php(65): Cake\Routing\Middleware\AssetMiddleware->__invoke(Object(Cake\Http\ServerRequest), Object(Cake\Http\Response), Object(Cake\Http\Runner))
#8 /home/joe/PhpstormProjects/Capstone2018/app/vendor/cakephp/cakephp/src/Error/Middleware/ErrorHandlerMiddleware.php(98): Cake\Http\Runner->__invoke(Object(Cake\Http\ServerRequest), Object(Cake\Http\Response))
#9 /home/joe/PhpstormProjects/Capstone2018/app/vendor/cakephp/cakephp/src/Http/Runner.php(65): Cake\Error\Middleware\ErrorHandlerMiddleware->__invoke(Object(Cake\Http\ServerRequest), Object(Cake\Http\Response), Object(Cake\Http\Runner))
#10 /home/joe/PhpstormProjects/Capstone2018/app/vendor/cakephp/debug_kit/src/Middleware/DebugKitMiddleware.php(52): Cake\Http\Runner->__invoke(Object(Cake\Http\ServerRequest), Object(Cake\Http\Response))
#11 /home/joe/PhpstormProjects/Capstone2018/app/vendor/cakephp/cakephp/src/Http/Runner.php(65): DebugKit\Middleware\DebugKitMiddleware->__invoke(Object(Cake\Http\ServerRequest), Object(Cake\Http\Response), Object(Cake\Http\Runner))
#12 /home/joe/PhpstormProjects/Capstone2018/app/vendor/cakephp/cakephp/src/Http/Runner.php(51): Cake\Http\Runner->__invoke(Object(Cake\Http\ServerRequest), Object(Cake\Http\Response))
#13 /home/joe/PhpstormProjects/Capstone2018/app/vendor/cakephp/cakephp/src/Http/Server.php(81): Cake\Http\Runner->run(Object(Cake\Http\MiddlewareQueue), Object(Cake\Http\ServerRequest), Object(Cake\Http\Response))
#14 /home/joe/PhpstormProjects/Capstone2018/app/webroot/index.php(40): Cake\Http\Server->run()
#15 {main}


